Using pre-set license
Built from '2021.3/release' branch; Version is '2021.3.17f1 (3e8111cac19d) revision 4096273'; Using compiler version '192829333'; Build Type 'Release'
OS: 'Windows 10  (10.0.19044) 64bit Professional' Language: 'en' Physical Memory: 8089 MB
BatchMode: 1, IsHumanControllingUs: 0, StartBugReporterOnCrash: 0, Is64bit: 1, IsPro: 1

COMMAND LINE ARGUMENTS:
C:\Program Files\Unity\Hub\Editor\2021.3.17f1\Editor\Unity.exe
-adb2
-batchMode
-noUpm
-name
AssetImportWorker0
-projectPath
C:/Users/PrabhaJ/My project (1)
-logFile
Logs/AssetImportWorker0.log
-srvPort
64605
Successfully changed project path to: C:/Users/PrabhaJ/My project (1)
C:/Users/PrabhaJ/My project (1)
[UnityMemory] Configuration Parameters - Can be set up in boot.config
    "memorysetup-bucket-allocator-granularity=16"
    "memorysetup-bucket-allocator-bucket-count=8"
    "memorysetup-bucket-allocator-block-size=33554432"
    "memorysetup-bucket-allocator-block-count=8"
    "memorysetup-main-allocator-block-size=16777216"
    "memorysetup-thread-allocator-block-size=16777216"
    "memorysetup-gfx-main-allocator-block-size=16777216"
    "memorysetup-gfx-thread-allocator-block-size=16777216"
    "memorysetup-cache-allocator-block-size=4194304"
    "memorysetup-typetree-allocator-block-size=2097152"
    "memorysetup-profiler-bucket-allocator-granularity=16"
    "memorysetup-profiler-bucket-allocator-bucket-count=8"
    "memorysetup-profiler-bucket-allocator-block-size=33554432"
    "memorysetup-profiler-bucket-allocator-block-count=8"
    "memorysetup-profiler-allocator-block-size=16777216"
    "memorysetup-profiler-editor-allocator-block-size=1048576"
    "memorysetup-temp-allocator-size-main=16777216"
    "memorysetup-job-temp-allocator-block-size=2097152"
    "memorysetup-job-temp-allocator-block-size-background=1048576"
    "memorysetup-job-temp-allocator-reduction-small-platforms=262144"
    "memorysetup-temp-allocator-size-background-worker=32768"
    "memorysetup-temp-allocator-size-job-worker=262144"
    "memorysetup-temp-allocator-size-preload-manager=33554432"
    "memorysetup-temp-allocator-size-nav-mesh-worker=65536"
    "memorysetup-temp-allocator-size-audio-worker=65536"
    "memorysetup-temp-allocator-size-cloud-worker=32768"
    "memorysetup-temp-allocator-size-gi-baking-worker=262144"
    "memorysetup-temp-allocator-size-gfx=262144"
Player connection [11832] Host "[IP] 192.168.0.4 [Port] 0 [Flags] 2 [Guid] 1499334280 [EditorId] 1499334280 [Version] 1048832 [Id] WindowsEditor(7,DESKTOP-MLGSFIR) [Debug] 1 [PackageName] WindowsEditor [ProjectName] Editor" joined multi-casting on [225.0.0.222:54997]...

Player connection [11832] Host "[IP] 192.168.0.4 [Port] 0 [Flags] 2 [Guid] 1499334280 [EditorId] 1499334280 [Version] 1048832 [Id] WindowsEditor(7,DESKTOP-MLGSFIR) [Debug] 1 [PackageName] WindowsEditor [ProjectName] Editor" joined alternative multi-casting on [225.0.0.222:34997]...

Refreshing native plugins compatible for Editor in 140.36 ms, found 3 plugins.
Preloading 0 native plugins for Editor in 0.00 ms.
Initialize engine version: 2021.3.17f1 (3e8111cac19d)
[Subsystems] Discovering subsystems at path C:/Program Files/Unity/Hub/Editor/2021.3.17f1/Editor/Data/Resources/UnitySubsystems
[Subsystems] Discovering subsystems at path C:/Users/PrabhaJ/My project (1)/Assets
GfxDevice: creating device client; threaded=0; jobified=0
Direct3D:
    Version:  Direct3D 11.0 [level 11.1]
    Renderer: Intel(R) HD Graphics Family (ID=0xa16)
    Vendor:   Intel
    VRAM:     2048 MB
    Driver:   20.19.15.5126
Initialize mono
Mono path[0] = 'C:/Program Files/Unity/Hub/Editor/2021.3.17f1/Editor/Data/Managed'
Mono path[1] = 'C:/Program Files/Unity/Hub/Editor/2021.3.17f1/Editor/Data/MonoBleedingEdge/lib/mono/unityjit-win32'
Mono config path = 'C:/Program Files/Unity/Hub/Editor/2021.3.17f1/Editor/Data/MonoBleedingEdge/etc'
Using monoOptions --debugger-agent=transport=dt_socket,embedding=1,server=y,suspend=n,address=127.0.0.1:56116
Begin MonoManager ReloadAssembly
Registering precompiled unity dll's ...
Register platform support module: C:/Program Files/Unity/Hub/Editor/2021.3.17f1/Editor/Data/PlaybackEngines/WebGLSupport/UnityEditor.WebGL.Extensions.dll
Register platform support module: C:/Program Files/Unity/Hub/Editor/2021.3.17f1/Editor/Data/PlaybackEngines/WindowsStandaloneSupport/UnityEditor.WindowsStandalone.Extensions.dll
Registered in 0.011692 seconds.
Native extension for WindowsStandalone target not found
Native extension for WebGL target not found
Refreshing native plugins compatible for Editor in 137.45 ms, found 3 plugins.
Preloading 0 native plugins for Editor in 0.00 ms.
Mono: successfully reloaded assembly
- Completed reload, in  1.172 seconds
Domain Reload Profiling:
	ReloadAssembly (1173ms)
		BeginReloadAssembly (134ms)
			ExecutionOrderSort (0ms)
			DisableScriptedObjects (0ms)
			BackupInstance (0ms)
			ReleaseScriptingObjects (0ms)
			CreateAndSetChildDomain (1ms)
		EndReloadAssembly (854ms)
			LoadAssemblies (131ms)
			RebuildTransferFunctionScriptingTraits (0ms)
			SetupTypeCache (176ms)
			ReleaseScriptCaches (0ms)
			RebuildScriptCaches (76ms)
			SetupLoadedEditorAssemblies (470ms)
				LogAssemblyErrors (0ms)
				InitializePlatformSupportModulesInManaged (20ms)
				SetLoadedEditorAssemblies (0ms)
				RefreshPlugins (138ms)
				BeforeProcessingInitializeOnLoad (2ms)
				ProcessInitializeOnLoadAttributes (228ms)
				ProcessInitializeOnLoadMethodAttributes (83ms)
				AfterProcessingInitializeOnLoad (0ms)
				EditorAssembliesLoaded (0ms)
			ExecutionOrderSort2 (0ms)
			AwakeInstancesAfterBackupRestoration (0ms)
Platform modules already initialized, skipping
Registering precompiled user dll's ...
Registered in 0.009066 seconds.
Begin MonoManager ReloadAssembly
Symbol file LoadedFromMemory doesn't match image C:\Users\PrabhaJ\My project (1)\Library\PackageCache\com.unity.visualscripting@1.8.0\Editor\VisualScripting.Core\Dependencies\YamlDotNet\Unity.VisualScripting.YamlDotNet.dll
Symbol file LoadedFromMemory doesn't match image C:\Users\PrabhaJ\My project (1)\Library\PackageCache\com.unity.visualscripting@1.8.0\Editor\VisualScripting.Core\Dependencies\DotNetZip\Unity.VisualScripting.IonicZip.dll
Native extension for WindowsStandalone target not found
Native extension for WebGL target not found
Refreshing native plugins compatible for Editor in 0.75 ms, found 3 plugins.
Preloading 0 native plugins for Editor in 0.00 ms.
Mono: successfully reloaded assembly
- Completed reload, in  1.816 seconds
Domain Reload Profiling:
	ReloadAssembly (1817ms)
		BeginReloadAssembly (191ms)
			ExecutionOrderSort (0ms)
			DisableScriptedObjects (8ms)
			BackupInstance (0ms)
			ReleaseScriptingObjects (0ms)
			CreateAndSetChildDomain (30ms)
		EndReloadAssembly (1437ms)
			LoadAssemblies (171ms)
			RebuildTransferFunctionScriptingTraits (0ms)
			SetupTypeCache (480ms)
			ReleaseScriptCaches (1ms)
			RebuildScriptCaches (88ms)
			SetupLoadedEditorAssemblies (646ms)
				LogAssemblyErrors (0ms)
				InitializePlatformSupportModulesInManaged (11ms)
				SetLoadedEditorAssemblies (1ms)
				RefreshPlugins (1ms)
				BeforeProcessingInitializeOnLoad (150ms)
				ProcessInitializeOnLoadAttributes (434ms)
				ProcessInitializeOnLoadMethodAttributes (37ms)
				AfterProcessingInitializeOnLoad (13ms)
				EditorAssembliesLoaded (0ms)
			ExecutionOrderSort2 (0ms)
			AwakeInstancesAfterBackupRestoration (20ms)
Platform modules already initialized, skipping
========================================================================
Worker process is ready to serve import requests
Launched and connected shader compiler UnityShaderCompiler.exe after 0.09 seconds
Refreshing native plugins compatible for Editor in 1.22 ms, found 3 plugins.
Preloading 0 native plugins for Editor in 0.00 ms.
Unloading 3391 Unused Serialized files (Serialized files now loaded: 0)
Unloading 27 unused Assets / (113.6 KB). Loaded Objects now: 3863.
Memory consumption went from 128.7 MB to 128.6 MB.
Total: 5.757400 ms (FindLiveObjects: 0.440900 ms CreateObjectMapping: 0.493700 ms MarkObjects: 4.666100 ms  DeleteObjects: 0.155200 ms)

AssetImportParameters requested are different than current active one (requested -> active):
  custom:video-decoder-ogg-theora: a1e56fd34408186e4bbccfd4996cb3dc -> 
  custom:container-muxer-webm: aa71ff27fc2769a1b78a27578f13a17b -> 
  custom:container-demuxer-webm: 4f35f7cbe854078d1ac9338744f61a02 -> 
  custom:video-encoder-webm-vp8: eb34c28f22e8b96e1ab97ce403110664 -> 
  custom:audio-encoder-webm-vorbis: bf7c407c2cedff20999df2af8eb42d56 -> 
  custom:framework-win-MediaFoundation: 216162199b28c13a410421893ffa2e32 -> 
  custom:container-demuxer-ogg: 62fdf1f143b41e24485cea50d1cbac27 -> 
  custom:video-decoder-webm-vp8: 9c59270c3fd7afecdb556c50c9e8de78 -> 
  custom:audio-decoder-ogg-vorbis: bf7c407c2cedff20999df2af8eb42d56 -> 
========================================================================
Received Import Request.
  Time since last request: 14651.444488 seconds.
  path: Assets/CFD Suffield - 1 _x3_y2.jpg
  artifactKey: Guid(60abea303205b10409409f606e5dcc08) Importer(815301076,1909f56bfc062723c751e8b465ee728b)
Start importing Assets/CFD Suffield - 1 _x3_y2.jpg using Guid(60abea303205b10409409f606e5dcc08) Importer(815301076,1909f56bfc062723c751e8b465ee728b)  -> (artifact id: '843a1fef2db35c0faf9a70ade84048bc') in 0.298377 seconds 
========================================================================
Received Import Request.
  Time since last request: 0.000341 seconds.
  path: Assets/CFD Suffield - 1 _x0_y1.jpg
  artifactKey: Guid(52491e2af4f12a549980929a85ee9866) Importer(815301076,1909f56bfc062723c751e8b465ee728b)
Start importing Assets/CFD Suffield - 1 _x0_y1.jpg using Guid(52491e2af4f12a549980929a85ee9866) Importer(815301076,1909f56bfc062723c751e8b465ee728b)  -> (artifact id: 'c5bf559ca6a9186f781b8a536f220504') in 0.062441 seconds 
========================================================================
Received Import Request.
  Time since last request: 0.000059 seconds.
  path: Assets/CFD Suffield - 1 _x2_y2.jpg
  artifactKey: Guid(74a66b7810d782947afb9f6056b3a2b5) Importer(815301076,1909f56bfc062723c751e8b465ee728b)
Start importing Assets/CFD Suffield - 1 _x2_y2.jpg using Guid(74a66b7810d782947afb9f6056b3a2b5) Importer(815301076,1909f56bfc062723c751e8b465ee728b)  -> (artifact id: 'd14245b1c5791fb1b5843e0a4e886fe8') in 0.059421 seconds 
========================================================================
Received Import Request.
  Time since last request: 0.000060 seconds.
  path: Assets/CFD Suffield - 1 _x4_y2.jpg
  artifactKey: Guid(5d7fbe43d06a003488583b230082f805) Importer(815301076,1909f56bfc062723c751e8b465ee728b)
Start importing Assets/CFD Suffield - 1 _x4_y2.jpg using Guid(5d7fbe43d06a003488583b230082f805) Importer(815301076,1909f56bfc062723c751e8b465ee728b)  -> (artifact id: 'a6bf3e1538d523e0a2a3eebdcc128850') in 0.056606 seconds 
========================================================================
Received Import Request.
  Time since last request: 0.000028 seconds.
  path: Assets/CFD Suffield - 1 _x2_y0.jpg
  artifactKey: Guid(6a69c3733d075ea4e874dec3726eee53) Importer(815301076,1909f56bfc062723c751e8b465ee728b)
Start importing Assets/CFD Suffield - 1 _x2_y0.jpg using Guid(6a69c3733d075ea4e874dec3726eee53) Importer(815301076,1909f56bfc062723c751e8b465ee728b)  -> (artifact id: 'c217d8a7c2b837728334ba944172eeae') in 0.045318 seconds 
========================================================================
Received Import Request.
  Time since last request: 0.000041 seconds.
  path: Assets/CFD Suffield - 1 _x1_y0.jpg
  artifactKey: Guid(27e5238128469ff4b908b542cb2ae5e6) Importer(815301076,1909f56bfc062723c751e8b465ee728b)
Start importing Assets/CFD Suffield - 1 _x1_y0.jpg using Guid(27e5238128469ff4b908b542cb2ae5e6) Importer(815301076,1909f56bfc062723c751e8b465ee728b)  -> (artifact id: '5e23adfaa5b5019342d7253cb65a7d88') in 0.060645 seconds 
========================================================================
Received Import Request.
  Time since last request: 0.000031 seconds.
  path: Assets/CFD Suffield - 1 _x1_y1.jpg
  artifactKey: Guid(a0508a0253f7dcd40884e5aa811cb708) Importer(815301076,1909f56bfc062723c751e8b465ee728b)
Start importing Assets/CFD Suffield - 1 _x1_y1.jpg using Guid(a0508a0253f7dcd40884e5aa811cb708) Importer(815301076,1909f56bfc062723c751e8b465ee728b)  -> (artifact id: '5dc56f05601e8120cc99756f50ea8b3e') in 0.053942 seconds 
========================================================================
Received Import Request.
  Time since last request: 0.000049 seconds.
  path: Assets/CFD Suffield - 1 _x0_y0.jpg
  artifactKey: Guid(5359be3b2c599e34991fce1635427def) Importer(815301076,1909f56bfc062723c751e8b465ee728b)
Start importing Assets/CFD Suffield - 1 _x0_y0.jpg using Guid(5359be3b2c599e34991fce1635427def) Importer(815301076,1909f56bfc062723c751e8b465ee728b)  -> (artifact id: '4c597887d32658b2c05c22d4d13e776e') in 0.055270 seconds 
========================================================================
Received Import Request.
  Time since last request: 0.000035 seconds.
  path: Assets/CFD Suffield - 1 _x4_y0.jpg
  artifactKey: Guid(9eb5efdf835749d44b6456c3268dad33) Importer(815301076,1909f56bfc062723c751e8b465ee728b)
Start importing Assets/CFD Suffield - 1 _x4_y0.jpg using Guid(9eb5efdf835749d44b6456c3268dad33) Importer(815301076,1909f56bfc062723c751e8b465ee728b)  -> (artifact id: '47d3c8b2c956f1e3d760e0c5a2aa3442') in 0.058314 seconds 
========================================================================
Received Import Request.
  Time since last request: 0.000064 seconds.
  path: Assets/CFD Suffield - 1 _x1_y2.jpg
  artifactKey: Guid(ee88930823f6691459049399b203df82) Importer(815301076,1909f56bfc062723c751e8b465ee728b)
Start importing Assets/CFD Suffield - 1 _x1_y2.jpg using Guid(ee88930823f6691459049399b203df82) Importer(815301076,1909f56bfc062723c751e8b465ee728b)  -> (artifact id: '75e7ee6cc8d167d73eeafdd0ce5958e4') in 0.067270 seconds 
========================================================================
Received Import Request.
  Time since last request: 0.000051 seconds.
  path: Assets/CFD Suffield - 1 _x3_y1.jpg
  artifactKey: Guid(e759625ae597b4d468a43b91d2966b9c) Importer(815301076,1909f56bfc062723c751e8b465ee728b)
Start importing Assets/CFD Suffield - 1 _x3_y1.jpg using Guid(e759625ae597b4d468a43b91d2966b9c) Importer(815301076,1909f56bfc062723c751e8b465ee728b)  -> (artifact id: '998a736e1c4434b930f7c0821226665f') in 0.053313 seconds 
========================================================================
Received Import Request.
  Time since last request: 0.000042 seconds.
  path: Assets/CFD Suffield - 1 _x2_y1.jpg
  artifactKey: Guid(914e910ebb7714b419221a21b358bfc6) Importer(815301076,1909f56bfc062723c751e8b465ee728b)
Start importing Assets/CFD Suffield - 1 _x2_y1.jpg using Guid(914e910ebb7714b419221a21b358bfc6) Importer(815301076,1909f56bfc062723c751e8b465ee728b)  -> (artifact id: '819217367af6ffa3041838b956e3d204') in 0.058140 seconds 
========================================================================
Received Import Request.
  Time since last request: 0.000034 seconds.
  path: Assets/CFD Suffield - 1 _x4_y1.jpg
  artifactKey: Guid(855b728d2ce19c7458616dc0bf553cbf) Importer(815301076,1909f56bfc062723c751e8b465ee728b)
Start importing Assets/CFD Suffield - 1 _x4_y1.jpg using Guid(855b728d2ce19c7458616dc0bf553cbf) Importer(815301076,1909f56bfc062723c751e8b465ee728b)  -> (artifact id: '6e0cc321ecf2089572ebd54b1a36b5bd') in 0.054297 seconds 
========================================================================
Received Import Request.
  Time since last request: 0.000033 seconds.
  path: Assets/CFD Suffield - 1 _x0_y2.jpg
  artifactKey: Guid(67aaf895f4e78f6478509407276dccc2) Importer(815301076,1909f56bfc062723c751e8b465ee728b)
Start importing Assets/CFD Suffield - 1 _x0_y2.jpg using Guid(67aaf895f4e78f6478509407276dccc2) Importer(815301076,1909f56bfc062723c751e8b465ee728b)  -> (artifact id: 'd9d7754677411e8479b009e8b4234d0b') in 0.054253 seconds 
========================================================================
Received Import Request.
  Time since last request: 0.000040 seconds.
  path: Assets/CFD Suffield - 1 _x3_y0.jpg
  artifactKey: Guid(91f05c0751274254e81c9784c72b61eb) Importer(815301076,1909f56bfc062723c751e8b465ee728b)
Start importing Assets/CFD Suffield - 1 _x3_y0.jpg using Guid(91f05c0751274254e81c9784c72b61eb) Importer(815301076,1909f56bfc062723c751e8b465ee728b)  -> (artifact id: '8d3c7bc970e5a0e4714ddc60f736ce8f') in 0.073046 seconds 
========================================================================
Received Import Request.
  Time since last request: 105.497821 seconds.
  path: Assets/CFD Suffield - 1 _x0_y0.jpg
  artifactKey: Guid(5359be3b2c599e34991fce1635427def) Importer(815301076,1909f56bfc062723c751e8b465ee728b)
Start importing Assets/CFD Suffield - 1 _x0_y0.jpg using Guid(5359be3b2c599e34991fce1635427def) Importer(815301076,1909f56bfc062723c751e8b465ee728b)  -> (artifact id: 'cc4beb148e38843fdaf9ab7385154d54') in 0.056523 seconds 
========================================================================
Received Import Request.
  Time since last request: 0.384499 seconds.
  path: Assets/CFD Suffield - 1 _x1_y0.jpg
  artifactKey: Guid(27e5238128469ff4b908b542cb2ae5e6) Importer(815301076,1909f56bfc062723c751e8b465ee728b)
Start importing Assets/CFD Suffield - 1 _x1_y0.jpg using Guid(27e5238128469ff4b908b542cb2ae5e6) Importer(815301076,1909f56bfc062723c751e8b465ee728b)  -> (artifact id: '8c02da3b285b14b1837c1b7c8a13b6f2') in 0.055269 seconds 
========================================================================
Received Import Request.
  Time since last request: 0.384818 seconds.
  path: Assets/CFD Suffield - 1 _x2_y0.jpg
  artifactKey: Guid(6a69c3733d075ea4e874dec3726eee53) Importer(815301076,1909f56bfc062723c751e8b465ee728b)
Start importing Assets/CFD Suffield - 1 _x2_y0.jpg using Guid(6a69c3733d075ea4e874dec3726eee53) Importer(815301076,1909f56bfc062723c751e8b465ee728b)  -> (artifact id: '1b4095917725add2e3a205bf7be1fc35') in 0.049443 seconds 
========================================================================
Received Import Request.
  Time since last request: 0.395026 seconds.
  path: Assets/CFD Suffield - 1 _x3_y0.jpg
  artifactKey: Guid(91f05c0751274254e81c9784c72b61eb) Importer(815301076,1909f56bfc062723c751e8b465ee728b)
Start importing Assets/CFD Suffield - 1 _x3_y0.jpg using Guid(91f05c0751274254e81c9784c72b61eb) Importer(815301076,1909f56bfc062723c751e8b465ee728b)  -> (artifact id: '18d1095f3134ca9237858e22acfa3428') in 0.045312 seconds 
========================================================================
Received Import Request.
  Time since last request: 0.407836 seconds.
  path: Assets/CFD Suffield - 1 _x4_y0.jpg
  artifactKey: Guid(9eb5efdf835749d44b6456c3268dad33) Importer(815301076,1909f56bfc062723c751e8b465ee728b)
Start importing Assets/CFD Suffield - 1 _x4_y0.jpg using Guid(9eb5efdf835749d44b6456c3268dad33) Importer(815301076,1909f56bfc062723c751e8b465ee728b)  -> (artifact id: 'aa8726968f4c6641ee209263772c558f') in 0.050717 seconds 
========================================================================
Received Import Request.
  Time since last request: 0.384508 seconds.
  path: Assets/CFD Suffield - 1 _x0_y1.jpg
  artifactKey: Guid(52491e2af4f12a549980929a85ee9866) Importer(815301076,1909f56bfc062723c751e8b465ee728b)
Start importing Assets/CFD Suffield - 1 _x0_y1.jpg using Guid(52491e2af4f12a549980929a85ee9866) Importer(815301076,1909f56bfc062723c751e8b465ee728b)  -> (artifact id: 'c7ffdb5e37e12eb64c8cc8b84a01d588') in 0.030237 seconds 
========================================================================
Received Import Request.
  Time since last request: 0.393326 seconds.
  path: Assets/CFD Suffield - 1 _x1_y1.jpg
  artifactKey: Guid(a0508a0253f7dcd40884e5aa811cb708) Importer(815301076,1909f56bfc062723c751e8b465ee728b)
Start importing Assets/CFD Suffield - 1 _x1_y1.jpg using Guid(a0508a0253f7dcd40884e5aa811cb708) Importer(815301076,1909f56bfc062723c751e8b465ee728b)  -> (artifact id: '1835bd4c7236296d2a586822bc28da03') in 0.042601 seconds 
========================================================================
Received Import Request.
  Time since last request: 0.402085 seconds.
  path: Assets/CFD Suffield - 1 _x2_y1.jpg
  artifactKey: Guid(914e910ebb7714b419221a21b358bfc6) Importer(815301076,1909f56bfc062723c751e8b465ee728b)
Start importing Assets/CFD Suffield - 1 _x2_y1.jpg using Guid(914e910ebb7714b419221a21b358bfc6) Importer(815301076,1909f56bfc062723c751e8b465ee728b)  -> (artifact id: '97a8393655d3628e5610284241753fe4') in 0.051042 seconds 
========================================================================
Received Import Request.
  Time since last request: 0.388635 seconds.
  path: Assets/CFD Suffield - 1 _x3_y1.jpg
  artifactKey: Guid(e759625ae597b4d468a43b91d2966b9c) Importer(815301076,1909f56bfc062723c751e8b465ee728b)
Start importing Assets/CFD Suffield - 1 _x3_y1.jpg using Guid(e759625ae597b4d468a43b91d2966b9c) Importer(815301076,1909f56bfc062723c751e8b465ee728b)  -> (artifact id: '7ec9b979f9f2c94e25e9ed0eb7730c55') in 0.032173 seconds 
========================================================================
Received Import Request.
  Time since last request: 0.401607 seconds.
  path: Assets/CFD Suffield - 1 _x4_y1.jpg
  artifactKey: Guid(855b728d2ce19c7458616dc0bf553cbf) Importer(815301076,1909f56bfc062723c751e8b465ee728b)
Start importing Assets/CFD Suffield - 1 _x4_y1.jpg using Guid(855b728d2ce19c7458616dc0bf553cbf) Importer(815301076,1909f56bfc062723c751e8b465ee728b)  -> (artifact id: 'b1f12bfc580da4b2a536ad89e1392c78') in 0.030134 seconds 
========================================================================
Received Import Request.
  Time since last request: 0.386461 seconds.
  path: Assets/CFD Suffield - 1 _x0_y2.jpg
  artifactKey: Guid(67aaf895f4e78f6478509407276dccc2) Importer(815301076,1909f56bfc062723c751e8b465ee728b)
Start importing Assets/CFD Suffield - 1 _x0_y2.jpg using Guid(67aaf895f4e78f6478509407276dccc2) Importer(815301076,1909f56bfc062723c751e8b465ee728b)  -> (artifact id: '02d056507c173c99437bdd6dedbdd548') in 0.031033 seconds 
========================================================================
Received Import Request.
  Time since last request: 0.393165 seconds.
  path: Assets/CFD Suffield - 1 _x1_y2.jpg
  artifactKey: Guid(ee88930823f6691459049399b203df82) Importer(815301076,1909f56bfc062723c751e8b465ee728b)
Start importing Assets/CFD Suffield - 1 _x1_y2.jpg using Guid(ee88930823f6691459049399b203df82) Importer(815301076,1909f56bfc062723c751e8b465ee728b)  -> (artifact id: '284a76216a4d11dc33c91937d73baaaf') in 0.056458 seconds 
========================================================================
Received Import Request.
  Time since last request: 0.382814 seconds.
  path: Assets/CFD Suffield - 1 _x2_y2.jpg
  artifactKey: Guid(74a66b7810d782947afb9f6056b3a2b5) Importer(815301076,1909f56bfc062723c751e8b465ee728b)
Start importing Assets/CFD Suffield - 1 _x2_y2.jpg using Guid(74a66b7810d782947afb9f6056b3a2b5) Importer(815301076,1909f56bfc062723c751e8b465ee728b)  -> (artifact id: 'c710c6c1ed33f4a041d5ba4aa17c6532') in 0.047308 seconds 
========================================================================
Received Import Request.
  Time since last request: 0.375805 seconds.
  path: Assets/CFD Suffield - 1 _x3_y2.jpg
  artifactKey: Guid(60abea303205b10409409f606e5dcc08) Importer(815301076,1909f56bfc062723c751e8b465ee728b)
Start importing Assets/CFD Suffield - 1 _x3_y2.jpg using Guid(60abea303205b10409409f606e5dcc08) Importer(815301076,1909f56bfc062723c751e8b465ee728b)  -> (artifact id: '498ab0aef5e1a11e573b937fa3262770') in 0.034832 seconds 
========================================================================
Received Import Request.
  Time since last request: 0.375015 seconds.
  path: Assets/CFD Suffield - 1 _x4_y2.jpg
  artifactKey: Guid(5d7fbe43d06a003488583b230082f805) Importer(815301076,1909f56bfc062723c751e8b465ee728b)
Start importing Assets/CFD Suffield - 1 _x4_y2.jpg using Guid(5d7fbe43d06a003488583b230082f805) Importer(815301076,1909f56bfc062723c751e8b465ee728b)  -> (artifact id: 'db067b18d7a1d6d1aa1aeca88ce9ce47') in 0.037204 seconds 
