Using pre-set license
Built from '2021.3/release' branch; Version is '2021.3.17f1 (3e8111cac19d) revision 4096273'; Using compiler version '192829333'; Build Type 'Release'
OS: 'Windows 10  (10.0.19044) 64bit Professional' Language: 'en' Physical Memory: 8089 MB
BatchMode: 1, IsHumanControllingUs: 0, StartBugReporterOnCrash: 0, Is64bit: 1, IsPro: 1

COMMAND LINE ARGUMENTS:
C:\Program Files\Unity\Hub\Editor\2021.3.17f1\Editor\Unity.exe
-adb2
-batchMode
-noUpm
-name
AssetImportWorker5
-projectPath
C:/Users/PrabhaJ/Desktop/Unity Github/Airshare-Unity-Project/My project (1)
-logFile
Logs/AssetImportWorker5.log
-srvPort
53979
Successfully changed project path to: C:/Users/PrabhaJ/Desktop/Unity Github/Airshare-Unity-Project/My project (1)
C:/Users/PrabhaJ/Desktop/Unity Github/Airshare-Unity-Project/My project (1)
[UnityMemory] Configuration Parameters - Can be set up in boot.config
    "memorysetup-bucket-allocator-granularity=16"
    "memorysetup-bucket-allocator-bucket-count=8"
    "memorysetup-bucket-allocator-block-size=33554432"
    "memorysetup-bucket-allocator-block-count=8"
    "memorysetup-main-allocator-block-size=16777216"
    "memorysetup-thread-allocator-block-size=16777216"
    "memorysetup-gfx-main-allocator-block-size=16777216"
    "memorysetup-gfx-thread-allocator-block-size=16777216"
    "memorysetup-cache-allocator-block-size=4194304"
    "memorysetup-typetree-allocator-block-size=2097152"
    "memorysetup-profiler-bucket-allocator-granularity=16"
    "memorysetup-profiler-bucket-allocator-bucket-count=8"
    "memorysetup-profiler-bucket-allocator-block-size=33554432"
    "memorysetup-profiler-bucket-allocator-block-count=8"
    "memorysetup-profiler-allocator-block-size=16777216"
    "memorysetup-profiler-editor-allocator-block-size=1048576"
    "memorysetup-temp-allocator-size-main=16777216"
    "memorysetup-job-temp-allocator-block-size=2097152"
    "memorysetup-job-temp-allocator-block-size-background=1048576"
    "memorysetup-job-temp-allocator-reduction-small-platforms=262144"
    "memorysetup-temp-allocator-size-background-worker=32768"
    "memorysetup-temp-allocator-size-job-worker=262144"
    "memorysetup-temp-allocator-size-preload-manager=33554432"
    "memorysetup-temp-allocator-size-nav-mesh-worker=65536"
    "memorysetup-temp-allocator-size-audio-worker=65536"
    "memorysetup-temp-allocator-size-cloud-worker=32768"
    "memorysetup-temp-allocator-size-gi-baking-worker=262144"
    "memorysetup-temp-allocator-size-gfx=262144"
Player connection [3448] Host "[IP] 192.168.0.4 [Port] 0 [Flags] 2 [Guid] 2069927415 [EditorId] 2069927415 [Version] 1048832 [Id] WindowsEditor(7,DESKTOP-MLGSFIR) [Debug] 1 [PackageName] WindowsEditor [ProjectName] Editor" joined multi-casting on [225.0.0.222:54997]...

Player connection [3448] Host "[IP] 192.168.0.4 [Port] 0 [Flags] 2 [Guid] 2069927415 [EditorId] 2069927415 [Version] 1048832 [Id] WindowsEditor(7,DESKTOP-MLGSFIR) [Debug] 1 [PackageName] WindowsEditor [ProjectName] Editor" joined alternative multi-casting on [225.0.0.222:34997]...

Refreshing native plugins compatible for Editor in 254.73 ms, found 3 plugins.
Preloading 0 native plugins for Editor in 0.00 ms.
Initialize engine version: 2021.3.17f1 (3e8111cac19d)
[Subsystems] Discovering subsystems at path C:/Program Files/Unity/Hub/Editor/2021.3.17f1/Editor/Data/Resources/UnitySubsystems
[Subsystems] Discovering subsystems at path C:/Users/PrabhaJ/Desktop/Unity Github/Airshare-Unity-Project/My project (1)/Assets
GfxDevice: creating device client; threaded=0; jobified=0
Direct3D:
    Version:  Direct3D 11.0 [level 11.1]
    Renderer: Intel(R) HD Graphics Family (ID=0xa16)
    Vendor:   Intel
    VRAM:     2048 MB
    Driver:   20.19.15.5126
Initialize mono
Mono path[0] = 'C:/Program Files/Unity/Hub/Editor/2021.3.17f1/Editor/Data/Managed'
Mono path[1] = 'C:/Program Files/Unity/Hub/Editor/2021.3.17f1/Editor/Data/MonoBleedingEdge/lib/mono/unityjit-win32'
Mono config path = 'C:/Program Files/Unity/Hub/Editor/2021.3.17f1/Editor/Data/MonoBleedingEdge/etc'
Using monoOptions --debugger-agent=transport=dt_socket,embedding=1,server=y,suspend=n,address=127.0.0.1:56776
Begin MonoManager ReloadAssembly
Registering precompiled unity dll's ...
Register platform support module: C:/Program Files/Unity/Hub/Editor/2021.3.17f1/Editor/Data/PlaybackEngines/WebGLSupport/UnityEditor.WebGL.Extensions.dll
Register platform support module: C:/Program Files/Unity/Hub/Editor/2021.3.17f1/Editor/Data/PlaybackEngines/WindowsStandaloneSupport/UnityEditor.WindowsStandalone.Extensions.dll
Registered in 0.022108 seconds.
Native extension for WindowsStandalone target not found
Native extension for WebGL target not found
Refreshing native plugins compatible for Editor in 196.99 ms, found 3 plugins.
Preloading 0 native plugins for Editor in 0.00 ms.
Mono: successfully reloaded assembly
- Completed reload, in  1.947 seconds
Domain Reload Profiling:
	ReloadAssembly (1948ms)
		BeginReloadAssembly (197ms)
			ExecutionOrderSort (0ms)
			DisableScriptedObjects (0ms)
			BackupInstance (0ms)
			ReleaseScriptingObjects (0ms)
			CreateAndSetChildDomain (2ms)
		EndReloadAssembly (1374ms)
			LoadAssemblies (194ms)
			RebuildTransferFunctionScriptingTraits (0ms)
			SetupTypeCache (392ms)
			ReleaseScriptCaches (0ms)
			RebuildScriptCaches (73ms)
			SetupLoadedEditorAssemblies (755ms)
				LogAssemblyErrors (0ms)
				InitializePlatformSupportModulesInManaged (33ms)
				SetLoadedEditorAssemblies (0ms)
				RefreshPlugins (197ms)
				BeforeProcessingInitializeOnLoad (3ms)
				ProcessInitializeOnLoadAttributes (397ms)
				ProcessInitializeOnLoadMethodAttributes (124ms)
				AfterProcessingInitializeOnLoad (0ms)
				EditorAssembliesLoaded (0ms)
			ExecutionOrderSort2 (0ms)
			AwakeInstancesAfterBackupRestoration (0ms)
Platform modules already initialized, skipping
Registering precompiled user dll's ...
Registered in 0.019675 seconds.
Begin MonoManager ReloadAssembly
Symbol file LoadedFromMemory doesn't match image C:\Users\PrabhaJ\Desktop\Unity Github\Airshare-Unity-Project\My project (1)\Library\PackageCache\com.unity.visualscripting@1.8.0\Editor\VisualScripting.Core\Dependencies\YamlDotNet\Unity.VisualScripting.YamlDotNet.dll
Symbol file LoadedFromMemory doesn't match image C:\Users\PrabhaJ\Desktop\Unity Github\Airshare-Unity-Project\My project (1)\Library\PackageCache\com.unity.visualscripting@1.8.0\Editor\VisualScripting.Core\Dependencies\DotNetZip\Unity.VisualScripting.IonicZip.dll
Native extension for WindowsStandalone target not found
Native extension for WebGL target not found
Refreshing native plugins compatible for Editor in 6.77 ms, found 3 plugins.
Preloading 0 native plugins for Editor in 0.00 ms.
Mono: successfully reloaded assembly
- Completed reload, in 13.759 seconds
Domain Reload Profiling:
	ReloadAssembly (13761ms)
		BeginReloadAssembly (307ms)
			ExecutionOrderSort (0ms)
			DisableScriptedObjects (13ms)
			BackupInstance (0ms)
			ReleaseScriptingObjects (0ms)
			CreateAndSetChildDomain (43ms)
		EndReloadAssembly (13059ms)
			LoadAssemblies (6819ms)
			RebuildTransferFunctionScriptingTraits (0ms)
			SetupTypeCache (2208ms)
			ReleaseScriptCaches (1ms)
			RebuildScriptCaches (156ms)
			SetupLoadedEditorAssemblies (3780ms)
				LogAssemblyErrors (0ms)
				InitializePlatformSupportModulesInManaged (33ms)
				SetLoadedEditorAssemblies (1ms)
				RefreshPlugins (7ms)
				BeforeProcessingInitializeOnLoad (256ms)
				ProcessInitializeOnLoadAttributes (665ms)
				ProcessInitializeOnLoadMethodAttributes (2799ms)
				AfterProcessingInitializeOnLoad (19ms)
				EditorAssembliesLoaded (0ms)
			ExecutionOrderSort2 (0ms)
			AwakeInstancesAfterBackupRestoration (12ms)
Platform modules already initialized, skipping
========================================================================
Worker process is ready to serve import requests
Launched and connected shader compiler UnityShaderCompiler.exe after 0.20 seconds
Refreshing native plugins compatible for Editor in 1.05 ms, found 3 plugins.
Preloading 0 native plugins for Editor in 0.00 ms.
Unloading 3393 Unused Serialized files (Serialized files now loaded: 0)
Unloading 27 unused Assets / (113.6 KB). Loaded Objects now: 3865.
Memory consumption went from 129.8 MB to 129.7 MB.
Total: 7.798400 ms (FindLiveObjects: 0.490700 ms CreateObjectMapping: 0.234000 ms MarkObjects: 6.817400 ms  DeleteObjects: 0.254800 ms)

AssetImportParameters requested are different than current active one (requested -> active):
  custom:video-decoder-ogg-theora: a1e56fd34408186e4bbccfd4996cb3dc -> 
  custom:container-muxer-webm: aa71ff27fc2769a1b78a27578f13a17b -> 
  custom:container-demuxer-webm: 4f35f7cbe854078d1ac9338744f61a02 -> 
  custom:video-encoder-webm-vp8: eb34c28f22e8b96e1ab97ce403110664 -> 
  custom:audio-encoder-webm-vorbis: bf7c407c2cedff20999df2af8eb42d56 -> 
  custom:framework-win-MediaFoundation: 216162199b28c13a410421893ffa2e32 -> 
  custom:container-demuxer-ogg: 62fdf1f143b41e24485cea50d1cbac27 -> 
  custom:video-decoder-webm-vp8: 9c59270c3fd7afecdb556c50c9e8de78 -> 
  custom:audio-decoder-ogg-vorbis: bf7c407c2cedff20999df2af8eb42d56 -> 
========================================================================
Received Import Request.
  Time since last request: 835.425925 seconds.
  path: Assets/Terrains/CFD Suffield - 1 _x0_y0.asset
  artifactKey: Guid(c129cb2f5fc3ed748a35f5feabb204d0) Importer(815301076,1909f56bfc062723c751e8b465ee728b)
Start importing Assets/Terrains/CFD Suffield - 1 _x0_y0.asset using Guid(c129cb2f5fc3ed748a35f5feabb204d0) Importer(815301076,1909f56bfc062723c751e8b465ee728b)  -> (artifact id: 'e02151cfc685c07498c84be36076f049') in 0.172941 seconds 
========================================================================
Received Import Request.
  Time since last request: 0.000090 seconds.
  path: Assets/Terrains/CFD Suffield - 1 _x2_y0.asset
  artifactKey: Guid(836c41623e53a954eb87fdeb64eb0b22) Importer(815301076,1909f56bfc062723c751e8b465ee728b)
Start importing Assets/Terrains/CFD Suffield - 1 _x2_y0.asset using Guid(836c41623e53a954eb87fdeb64eb0b22) Importer(815301076,1909f56bfc062723c751e8b465ee728b)  -> (artifact id: 'b326c4b197fbfeb84d235c2062430610') in 0.049737 seconds 
========================================================================
Received Import Request.
  Time since last request: 0.000042 seconds.
  path: Assets/Terrains/CFD Suffield - 1 _12_TerrainLayer_0.asset
  artifactKey: Guid(f28189225a808d44a85c2ab881d3fa22) Importer(815301076,1909f56bfc062723c751e8b465ee728b)
Start importing Assets/Terrains/CFD Suffield - 1 _12_TerrainLayer_0.asset using Guid(f28189225a808d44a85c2ab881d3fa22) Importer(815301076,1909f56bfc062723c751e8b465ee728b)  -> (artifact id: '4008ef8ef501a3a2a39798deb0b5c3dd') in 0.239477 seconds 
========================================================================
Received Import Request.
  Time since last request: 0.062756 seconds.
  path: Assets/Terrains/CFD Suffield - 1 _x0_y2.asset
  artifactKey: Guid(9fb2403a41fc3ec4da710fb59a140974) Importer(815301076,1909f56bfc062723c751e8b465ee728b)
Start importing Assets/Terrains/CFD Suffield - 1 _x0_y2.asset using Guid(9fb2403a41fc3ec4da710fb59a140974) Importer(815301076,1909f56bfc062723c751e8b465ee728b)  -> (artifact id: '5d616760f26edbbfad9406e12be7b45d') in 0.070998 seconds 
========================================================================
Received Import Request.
  Time since last request: 0.000024 seconds.
  path: Assets/Terrains/CFD Suffield - 1 _x3_y1.asset
  artifactKey: Guid(bf9383ea54fbbed47a0ea39b3d8ead25) Importer(815301076,1909f56bfc062723c751e8b465ee728b)
Start importing Assets/Terrains/CFD Suffield - 1 _x3_y1.asset using Guid(bf9383ea54fbbed47a0ea39b3d8ead25) Importer(815301076,1909f56bfc062723c751e8b465ee728b)  -> (artifact id: '6ddacfe7ff36c599a61d2fdc9bfac33a') in 0.042445 seconds 
========================================================================
Received Import Request.
  Time since last request: 0.000033 seconds.
  path: Assets/Terrains/CFD Suffield - 1 _4_TerrainLayer_0.asset
  artifactKey: Guid(cb3c067a48af5bd40982b0c6745e88c7) Importer(815301076,1909f56bfc062723c751e8b465ee728b)
Start importing Assets/Terrains/CFD Suffield - 1 _4_TerrainLayer_0.asset using Guid(cb3c067a48af5bd40982b0c6745e88c7) Importer(815301076,1909f56bfc062723c751e8b465ee728b)  -> (artifact id: '8f8117fea4be09b3bef79edf5c6c265d') in 0.074738 seconds 
========================================================================
Received Import Request.
  Time since last request: 0.000032 seconds.
  path: Assets/Terrains/CFD Suffield - 1 _x4_y0.asset
  artifactKey: Guid(42a27a77f0dfc5b47804872efc1626ca) Importer(815301076,1909f56bfc062723c751e8b465ee728b)
Start importing Assets/Terrains/CFD Suffield - 1 _x4_y0.asset using Guid(42a27a77f0dfc5b47804872efc1626ca) Importer(815301076,1909f56bfc062723c751e8b465ee728b)  -> (artifact id: 'f0cd99543693a7f22685ff954794512a') in 0.112010 seconds 
========================================================================
Received Import Request.
  Time since last request: 0.000047 seconds.
  path: Assets/Terrains/CFD Suffield - 1 _13_TerrainLayer_0.asset
  artifactKey: Guid(e2f51cad0fb777843bf731b229a494ec) Importer(815301076,1909f56bfc062723c751e8b465ee728b)
Start importing Assets/Terrains/CFD Suffield - 1 _13_TerrainLayer_0.asset using Guid(e2f51cad0fb777843bf731b229a494ec) Importer(815301076,1909f56bfc062723c751e8b465ee728b)  -> (artifact id: 'ff2a8e0bf2481226ea32bb1f664bebd7') in 0.113880 seconds 
========================================================================
Received Import Request.
  Time since last request: 0.000031 seconds.
  path: Assets/Terrains/CFD Suffield - 1 _x4_y1.asset
  artifactKey: Guid(4932fc563ed920148b0b66c6108af71a) Importer(815301076,1909f56bfc062723c751e8b465ee728b)
Start importing Assets/Terrains/CFD Suffield - 1 _x4_y1.asset using Guid(4932fc563ed920148b0b66c6108af71a) Importer(815301076,1909f56bfc062723c751e8b465ee728b)  -> (artifact id: '637da13de9a31141297541772c82e161') in 0.035300 seconds 
========================================================================
Received Import Request.
  Time since last request: 0.000030 seconds.
  path: Assets/Terrains/CFD Suffield - 1 _x1_y0.asset
  artifactKey: Guid(d9d8519ba4e13804580b0b214c0bd5bc) Importer(815301076,1909f56bfc062723c751e8b465ee728b)
Start importing Assets/Terrains/CFD Suffield - 1 _x1_y0.asset using Guid(d9d8519ba4e13804580b0b214c0bd5bc) Importer(815301076,1909f56bfc062723c751e8b465ee728b)  -> (artifact id: '991daf9848a071f4e9f9c6ca6a9b9c19') in 0.079840 seconds 
========================================================================
Received Import Request.
  Time since last request: 0.000042 seconds.
  path: Assets/Terrains/region1_2_TerrainLayer_0.asset
  artifactKey: Guid(1d413e733f391fe4e98d60e73acab2a6) Importer(815301076,1909f56bfc062723c751e8b465ee728b)
Start importing Assets/Terrains/region1_2_TerrainLayer_0.asset using Guid(1d413e733f391fe4e98d60e73acab2a6) Importer(815301076,1909f56bfc062723c751e8b465ee728b)  -> (artifact id: 'd531652fc204975ec0c3abeb91f3eca7') in 0.031602 seconds 
========================================================================
Received Import Request.
  Time since last request: 0.000039 seconds.
  path: Assets/Terrains/CFD Suffield - 1 _x4_y2.asset
  artifactKey: Guid(dd1f6f8cbb4c73e4c968fc197312c236) Importer(815301076,1909f56bfc062723c751e8b465ee728b)
Start importing Assets/Terrains/CFD Suffield - 1 _x4_y2.asset using Guid(dd1f6f8cbb4c73e4c968fc197312c236) Importer(815301076,1909f56bfc062723c751e8b465ee728b)  -> (artifact id: 'f466fd4157c28898adb674f79135e4fd') in 0.083533 seconds 
========================================================================
Received Import Request.
  Time since last request: 0.000025 seconds.
  path: Assets/Terrains/region1_x0_y1.asset
  artifactKey: Guid(af41dec5d75a20a4487f1a01c55dbb4b) Importer(815301076,1909f56bfc062723c751e8b465ee728b)
Start importing Assets/Terrains/region1_x0_y1.asset using Guid(af41dec5d75a20a4487f1a01c55dbb4b) Importer(815301076,1909f56bfc062723c751e8b465ee728b)  -> (artifact id: 'c2e0bb5f6367a88134678a7619ea2e8d') in 0.062160 seconds 
========================================================================
Received Import Request.
  Time since last request: 0.000070 seconds.
  path: Assets/Terrains/CFD Suffield - 1 _14_TerrainLayer_0.asset
  artifactKey: Guid(202c0202723660c40aed025be451b5bb) Importer(815301076,1909f56bfc062723c751e8b465ee728b)
Start importing Assets/Terrains/CFD Suffield - 1 _14_TerrainLayer_0.asset using Guid(202c0202723660c40aed025be451b5bb) Importer(815301076,1909f56bfc062723c751e8b465ee728b)  -> (artifact id: 'f0d5eb0013bfb1b0d225df4c23e235e6') in 0.065848 seconds 
========================================================================
Received Import Request.
  Time since last request: 0.000029 seconds.
  path: Assets/Terrains/CFD Suffield - 1 _x3_y0.asset
  artifactKey: Guid(82af639af0b28164daabb3031cd01c36) Importer(815301076,1909f56bfc062723c751e8b465ee728b)
Start importing Assets/Terrains/CFD Suffield - 1 _x3_y0.asset using Guid(82af639af0b28164daabb3031cd01c36) Importer(815301076,1909f56bfc062723c751e8b465ee728b)  -> (artifact id: 'faaedb6f4355ba4128fe37533f24220c') in 0.099002 seconds 
========================================================================
Received Import Request.
  Time since last request: 0.000090 seconds.
  path: Assets/Terrains/CFD Suffield - 1 _x2_y1.asset
  artifactKey: Guid(72e749e54329b924dbb904d6c105d671) Importer(815301076,1909f56bfc062723c751e8b465ee728b)
Start importing Assets/Terrains/CFD Suffield - 1 _x2_y1.asset using Guid(72e749e54329b924dbb904d6c105d671) Importer(815301076,1909f56bfc062723c751e8b465ee728b)  -> (artifact id: '67d35bf6139d19e201febb2539e59d02') in 0.041300 seconds 
========================================================================
Received Import Request.
  Time since last request: 0.000028 seconds.
  path: Assets/Terrains/CFD Suffield - 1 _x3_y2.asset
  artifactKey: Guid(6c76c03810ec839499788b1429b71bd8) Importer(815301076,1909f56bfc062723c751e8b465ee728b)
Start importing Assets/Terrains/CFD Suffield - 1 _x3_y2.asset using Guid(6c76c03810ec839499788b1429b71bd8) Importer(815301076,1909f56bfc062723c751e8b465ee728b)  -> (artifact id: '45be963aead83db1dbb7499df9dcdf04') in 0.125874 seconds 
========================================================================
Received Import Request.
  Time since last request: 0.000053 seconds.
  path: Assets/Terrains/CFD Suffield - 1 _5_TerrainLayer_0.asset
  artifactKey: Guid(2aeaaf3c356850141977b2f02bd9c0ac) Importer(815301076,1909f56bfc062723c751e8b465ee728b)
Start importing Assets/Terrains/CFD Suffield - 1 _5_TerrainLayer_0.asset using Guid(2aeaaf3c356850141977b2f02bd9c0ac) Importer(815301076,1909f56bfc062723c751e8b465ee728b)  -> (artifact id: '32e447f12143fe7845dddd4b2e0fadd2') in 0.166231 seconds 
========================================================================
Received Import Request.
  Time since last request: 0.000039 seconds.
  path: Assets/Terrains/region1_3_TerrainLayer_0.asset
  artifactKey: Guid(9cdcfdbe5d1472142af1255954cc4b40) Importer(815301076,1909f56bfc062723c751e8b465ee728b)
Start importing Assets/Terrains/region1_3_TerrainLayer_0.asset using Guid(9cdcfdbe5d1472142af1255954cc4b40) Importer(815301076,1909f56bfc062723c751e8b465ee728b)  -> (artifact id: '1f8a350d0e4624c79db728725f1d754e') in 0.082727 seconds 
========================================================================
Received Import Request.
  Time since last request: 0.000061 seconds.
  path: Assets/Terrains/region1_x1_y0.asset
  artifactKey: Guid(6bb1a5af132e37f4596fe2304232f713) Importer(815301076,1909f56bfc062723c751e8b465ee728b)
Start importing Assets/Terrains/region1_x1_y0.asset using Guid(6bb1a5af132e37f4596fe2304232f713) Importer(815301076,1909f56bfc062723c751e8b465ee728b)  -> (artifact id: 'fd7aa963eef2f2e660a35c2db93c88eb') in 0.072221 seconds 
========================================================================
Received Import Request.
  Time since last request: 0.000026 seconds.
  path: Assets/Terrains/CFD Suffield - 1 _10_TerrainLayer_0.asset
  artifactKey: Guid(d21a6c0dc8d58bc479f199ded401bc54) Importer(815301076,1909f56bfc062723c751e8b465ee728b)
Start importing Assets/Terrains/CFD Suffield - 1 _10_TerrainLayer_0.asset using Guid(d21a6c0dc8d58bc479f199ded401bc54) Importer(815301076,1909f56bfc062723c751e8b465ee728b)  -> (artifact id: '557d8060484e31a69ccd1c759a8672a6') in 0.143369 seconds 
========================================================================
Received Import Request.
  Time since last request: 0.000032 seconds.
  path: Assets/Terrains/CFD Suffield - 1 _11_TerrainLayer_0.asset
  artifactKey: Guid(19eb332e4b3314a47bc492f9dbf12269) Importer(815301076,1909f56bfc062723c751e8b465ee728b)
Start importing Assets/Terrains/CFD Suffield - 1 _11_TerrainLayer_0.asset using Guid(19eb332e4b3314a47bc492f9dbf12269) Importer(815301076,1909f56bfc062723c751e8b465ee728b)  -> (artifact id: 'b49e63827bebef60b56045cfeee7c486') in 0.126544 seconds 
========================================================================
Received Import Request.
  Time since last request: 0.000080 seconds.
  path: Assets/Terrains/CFD Suffield - 1 _1_TerrainLayer_0.asset
  artifactKey: Guid(1debcfcb651f93942aa76e3e1edc91c3) Importer(815301076,1909f56bfc062723c751e8b465ee728b)
Start importing Assets/Terrains/CFD Suffield - 1 _1_TerrainLayer_0.asset using Guid(1debcfcb651f93942aa76e3e1edc91c3) Importer(815301076,1909f56bfc062723c751e8b465ee728b)  -> (artifact id: '220f5ed9a15de37e4af4ae1a8f34ac58') in 0.164554 seconds 
========================================================================
Received Import Request.
  Time since last request: 0.000026 seconds.
  path: Assets/Terrains/CFD Suffield - 1 _2_TerrainLayer_0.asset
  artifactKey: Guid(3ffc189f4b5d2ad41ae58fccabf255f1) Importer(815301076,1909f56bfc062723c751e8b465ee728b)
Start importing Assets/Terrains/CFD Suffield - 1 _2_TerrainLayer_0.asset using Guid(3ffc189f4b5d2ad41ae58fccabf255f1) Importer(815301076,1909f56bfc062723c751e8b465ee728b)  -> (artifact id: '075dcf96a2ddfabb09d986dbfef37bf7') in 0.108814 seconds 
========================================================================
Received Import Request.
  Time since last request: 0.000042 seconds.
  path: Assets/Terrains/CFD Suffield - 1 _3_TerrainLayer_0.asset
  artifactKey: Guid(813c997766e149d4787885c01eecb898) Importer(815301076,1909f56bfc062723c751e8b465ee728b)
Start importing Assets/Terrains/CFD Suffield - 1 _3_TerrainLayer_0.asset using Guid(813c997766e149d4787885c01eecb898) Importer(815301076,1909f56bfc062723c751e8b465ee728b)  -> (artifact id: '933e6528f494d26a98fd9443da41e0d2') in 0.117240 seconds 
========================================================================
Received Import Request.
  Time since last request: 0.000050 seconds.
  path: Assets/Terrains/CFD Suffield - 1 _8_TerrainLayer_0.asset
  artifactKey: Guid(3105d46378366884f8d08ee5dae46a0c) Importer(815301076,1909f56bfc062723c751e8b465ee728b)
Start importing Assets/Terrains/CFD Suffield - 1 _8_TerrainLayer_0.asset using Guid(3105d46378366884f8d08ee5dae46a0c) Importer(815301076,1909f56bfc062723c751e8b465ee728b)  -> (artifact id: '1219b714d3f41ba1b75db182e090d7eb') in 0.217562 seconds 
========================================================================
Received Import Request.
  Time since last request: 0.000037 seconds.
  path: Assets/Terrains/region1_0_TerrainLayer_0.asset
  artifactKey: Guid(76d1317c65d00ee488e63c232f2993b2) Importer(815301076,1909f56bfc062723c751e8b465ee728b)
Start importing Assets/Terrains/region1_0_TerrainLayer_0.asset using Guid(76d1317c65d00ee488e63c232f2993b2) Importer(815301076,1909f56bfc062723c751e8b465ee728b)  -> (artifact id: 'aaecb5647e901f2d9d55e0d19efbf68b') in 0.059698 seconds 
========================================================================
Received Import Request.
  Time since last request: 0.000099 seconds.
  path: Assets/Terrains/CFD Suffield - 1 _7_TerrainLayer_0.asset
  artifactKey: Guid(2d206b2da981b7c4abb792ea80df2054) Importer(815301076,1909f56bfc062723c751e8b465ee728b)
Start importing Assets/Terrains/CFD Suffield - 1 _7_TerrainLayer_0.asset using Guid(2d206b2da981b7c4abb792ea80df2054) Importer(815301076,1909f56bfc062723c751e8b465ee728b)  -> (artifact id: 'ea9aa8b8ed2ff8bb300225509704975a') in 0.069124 seconds 
========================================================================
Received Import Request.
  Time since last request: 0.000166 seconds.
  path: Assets/Terrains/CFD Suffield - 1 _x0_y1.asset
  artifactKey: Guid(598f3e4146234f3418d54fd97b8fa4a5) Importer(815301076,1909f56bfc062723c751e8b465ee728b)
Start importing Assets/Terrains/CFD Suffield - 1 _x0_y1.asset using Guid(598f3e4146234f3418d54fd97b8fa4a5) Importer(815301076,1909f56bfc062723c751e8b465ee728b)  -> (artifact id: '65fed0e25fd97053ba7fd0a22bd3708a') in 0.076235 seconds 
========================================================================
Received Import Request.
  Time since last request: 0.060470 seconds.
  path: Assets/Terrains/CFD Suffield - 1 _0_TerrainLayer_0.asset
  artifactKey: Guid(9c59db5a31673b543bffcd743f0f2f24) Importer(815301076,1909f56bfc062723c751e8b465ee728b)
Start importing Assets/Terrains/CFD Suffield - 1 _0_TerrainLayer_0.asset using Guid(9c59db5a31673b543bffcd743f0f2f24) Importer(815301076,1909f56bfc062723c751e8b465ee728b)  -> (artifact id: 'be05e4b9686a18d459ffb73f8abc8970') in 0.276417 seconds 
========================================================================
Received Import Request.
  Time since last request: 0.000232 seconds.
  path: Assets/Terrains/CFD Suffield - 1 _x2_y2.asset
  artifactKey: Guid(10a9d5076f8d5844bb1c80c3ccebfb09) Importer(815301076,1909f56bfc062723c751e8b465ee728b)
Start importing Assets/Terrains/CFD Suffield - 1 _x2_y2.asset using Guid(10a9d5076f8d5844bb1c80c3ccebfb09) Importer(815301076,1909f56bfc062723c751e8b465ee728b)  -> (artifact id: 'ab5563220fb043e19da25712b0c8e2f1') in 0.069660 seconds 
========================================================================
Received Import Request.
  Time since last request: 0.000172 seconds.
  path: Assets/Terrains/region1_x1_y1.asset
  artifactKey: Guid(824da05abbe39264eb4c5cebc4479996) Importer(815301076,1909f56bfc062723c751e8b465ee728b)
Start importing Assets/Terrains/region1_x1_y1.asset using Guid(824da05abbe39264eb4c5cebc4479996) Importer(815301076,1909f56bfc062723c751e8b465ee728b)  -> (artifact id: 'b9d4872f5f087e87ccdac43e946d1376') in 0.095035 seconds 
========================================================================
Received Import Request.
  Time since last request: 0.000099 seconds.
  path: Assets/Terrains/CFD Suffield - 1 _9_TerrainLayer_0.asset
  artifactKey: Guid(ddf47d8abb9347a47b801247f311f6de) Importer(815301076,1909f56bfc062723c751e8b465ee728b)
Start importing Assets/Terrains/CFD Suffield - 1 _9_TerrainLayer_0.asset using Guid(ddf47d8abb9347a47b801247f311f6de) Importer(815301076,1909f56bfc062723c751e8b465ee728b)  -> (artifact id: '7abc0d4d1673c29ae89a9a89a6befbbf') in 0.085419 seconds 
========================================================================
Received Import Request.
  Time since last request: 0.000043 seconds.
  path: Assets/Terrains/region1_1_TerrainLayer_0.asset
  artifactKey: Guid(9af80d5d845f6c142bc5c571b34d6716) Importer(815301076,1909f56bfc062723c751e8b465ee728b)
Start importing Assets/Terrains/region1_1_TerrainLayer_0.asset using Guid(9af80d5d845f6c142bc5c571b34d6716) Importer(815301076,1909f56bfc062723c751e8b465ee728b)  -> (artifact id: 'dc4eb1d857ccf15b7c677a645d5b1b32') in 0.067335 seconds 
========================================================================
Received Import Request.
  Time since last request: 0.000048 seconds.
  path: Assets/Terrains/CFD Suffield - 1 _x1_y2.asset
  artifactKey: Guid(092e7b8ef844b0e4abd87281a709c8b5) Importer(815301076,1909f56bfc062723c751e8b465ee728b)
Start importing Assets/Terrains/CFD Suffield - 1 _x1_y2.asset using Guid(092e7b8ef844b0e4abd87281a709c8b5) Importer(815301076,1909f56bfc062723c751e8b465ee728b)  -> (artifact id: '9dd644875c608b24b7a3c7628588efae') in 0.115908 seconds 
========================================================================
Received Import Request.
  Time since last request: 0.000047 seconds.
  path: Assets/Terrains/CFD Suffield - 1 _6_TerrainLayer_0.asset
  artifactKey: Guid(d4bc7f9c1e8b71c48b203e9b797e0367) Importer(815301076,1909f56bfc062723c751e8b465ee728b)
Start importing Assets/Terrains/CFD Suffield - 1 _6_TerrainLayer_0.asset using Guid(d4bc7f9c1e8b71c48b203e9b797e0367) Importer(815301076,1909f56bfc062723c751e8b465ee728b)  -> (artifact id: 'd1061717c93c03346364bcfee760bdb0') in 0.067536 seconds 
========================================================================
Received Import Request.
  Time since last request: 0.000112 seconds.
  path: Assets/Terrains/CFD Suffield - 1 _x1_y1.asset
  artifactKey: Guid(69187768486908f41818d7c45c1029e3) Importer(815301076,1909f56bfc062723c751e8b465ee728b)
Start importing Assets/Terrains/CFD Suffield - 1 _x1_y1.asset using Guid(69187768486908f41818d7c45c1029e3) Importer(815301076,1909f56bfc062723c751e8b465ee728b)  -> (artifact id: '9c5634888e65fc422392b0e4c7c44293') in 0.079634 seconds 
========================================================================
Received Import Request.
  Time since last request: 0.000038 seconds.
  path: Assets/Terrains/region1_x0_y0.asset
  artifactKey: Guid(aa5ebc599b970654ba1837ba825cdf47) Importer(815301076,1909f56bfc062723c751e8b465ee728b)
Start importing Assets/Terrains/region1_x0_y0.asset using Guid(aa5ebc599b970654ba1837ba825cdf47) Importer(815301076,1909f56bfc062723c751e8b465ee728b)  -> (artifact id: '445d6dcd163e8c77485e6ca727541170') in 0.083781 seconds 
